2019-05-28 16:34:01,614 [      0]   INFO -        #com.intellij.idea.Main - ------------------------------------------------------ IDE STARTED ------------------------------------------------------ 
2019-05-28 16:34:01,644 [     30]   INFO -        #com.intellij.idea.Main - IDE: PyCharm (build #PC-191.7141.48, 07 May 2019 14:34) 
2019-05-28 16:34:01,644 [     30]   INFO -        #com.intellij.idea.Main - OS: Linux (4.18.0-17-generic, amd64) 
2019-05-28 16:34:01,644 [     30]   INFO -        #com.intellij.idea.Main - JRE: 11.0.2+9-b159.56 (JetBrains s.r.o) 
2019-05-28 16:34:01,644 [     30]   INFO -        #com.intellij.idea.Main - JVM: 11.0.2+9-b159.56 (OpenJDK 64-Bit Server VM) 
2019-05-28 16:34:01,644 [     30]   INFO -        #com.intellij.idea.Main - JVM Args: -Xms128m -Xmx750m -XX:ReservedCodeCacheSize=240m -XX:+UseConcMarkSweepGC -XX:SoftRefLRUPolicyMSPerMB=50 -ea -Dsun.io.useCanonCaches=false -Djava.net.preferIPv4Stack=true -Djdk.http.auth.tunneling.disabledSchemes="" -XX:+HeapDumpOnOutOfMemoryError -XX:-OmitStackTraceInFastThrow -Dawt.useSystemAAFontSettings=lcd -Dsun.java2d.renderer=sun.java2d.marlin.MarlinRenderingEngine -XX:ErrorFile=/root/java_error_in_PYCHARM_%p.log -XX:HeapDumpPath=/root/java_error_in_PYCHARM.hprof -Didea.paths.selector=PyCharmCE2019.1 -Djb.vmOptionsFile=/root/.local/share/umake/ide/pycharm/bin/pycharm64.vmoptions -Didea.platform.prefix=PyCharmCore 
2019-05-28 16:34:01,644 [     30]   INFO -        #com.intellij.idea.Main - charsets: JNU=UTF-8 file=UTF-8 
2019-05-28 16:34:01,657 [     43]   INFO -        #com.intellij.idea.Main - JNA library (64-bit) loaded in 13 ms 
2019-05-28 16:34:01,960 [    346]   INFO -     #com.intellij.util.ui.JBUI - User scale factor: 1.0 
2019-05-28 16:34:02,065 [    451]   INFO -     #com.intellij.util.ui.JBUI - System scale factor: 1.0 (JRE-managed HiDPI) 
2019-05-28 16:34:20,082 [  18468]   INFO - m.intellij.ui.mac.touchbar.NST - OS doesn't support touchbar, skip nst loading 
2019-05-28 16:34:25,252 [  23638]   INFO - llij.ide.plugins.PluginManager - load plugin descriptors took 229 ms 
2019-05-28 16:34:28,672 [  27058]   INFO - .intellij.idea.IdeaApplication - CPU cores: 8; ForkJoinPool.commonPool: java.util.concurrent.ForkJoinPool@65d7f2c0[Running, parallelism = 7, size = 0, active = 0, running = 0, steals = 0, tasks = 0, submissions = 0]; factory: com.intellij.concurrency.IdeaForkJoinWorkerThreadFactory@b0b69f0 
2019-05-28 16:34:28,686 [  27072]   INFO - .intellij.idea.IdeaApplication - WM detected: GNOME Shell 
2019-05-28 16:34:28,958 [  27344]   INFO - llij.ide.plugins.PluginManager - load plugin descriptors took 87 ms 
2019-05-28 16:34:28,961 [  27347]   INFO - llij.ide.plugins.PluginManager - Plugin 'IntelliJ Configuration Script' can't be loaded because: Plugin does not include any module dependency tags in its plugin.xml therefore is assumed legacy and can be loaded only in IntelliJ IDEA 
2019-05-28 16:34:29,019 [  27405]   INFO - llij.ide.plugins.PluginManager - 20 plugins initialized in 148 ms 
2019-05-28 16:34:29,020 [  27406]   INFO - llij.ide.plugins.PluginManager - Loaded bundled plugins: Copyright (191.7141.48), EditorConfig (191.7141.48), Git Integration (191.7141.48), GitHub (191.7141.48), IDEA CORE (191.7141.48), IntelliLang (191.7141.48), Markdown support (191.7141.48), Mercurial Integration (191.7141.48), Properties Support (191.7141.48), Python Copyright (191.7141.48), Python IntelliLang (191.7141.48), Python ReStructureText Integration (191.7141.48), Python Terminal (191.7141.48), ReStructuredText Support (191.7141.48), Settings Repository (191.7141.48), Subversion (191.7141.48), Task Management (191.7141.48), Terminal (191.7141.48), YAML (191.7141.48) 
2019-05-28 16:34:29,020 [  27406]   INFO - llij.ide.plugins.PluginManager - Disabled plugins: IntelliJ Configuration Script (191.7141.48) 
2019-05-28 16:34:29,299 [  27685]   INFO - ellij.vfs.persistent.FSRecords - Marking VFS as corrupted: '/root/.PyCharmCE2019.1/system/caches/names.dat' does not exist 
2019-05-28 16:34:29,300 [  27686]   INFO - ellij.util.io.PagedFileStorage - lower=100; upper=500; buffer=10; max=705 
2019-05-28 16:34:29,326 [  27712]   INFO - pl.local.NativeFileWatcherImpl - Starting file watcher: /root/.local/share/umake/ide/pycharm/bin/fsnotifier64 
2019-05-28 16:34:29,337 [  27723]   INFO - pl.local.NativeFileWatcherImpl - Native file watcher is operational. 
2019-05-28 16:34:29,631 [  28017]   INFO - .history.utils.LocalHistoryLog - local history version mismatch (was: 0, expected: 6), rebuilding... 
2019-05-28 16:34:29,631 [  28017]   INFO - .history.utils.LocalHistoryLog - FS has been rebuild, rebuilding local history... 
2019-05-28 16:34:30,078 [  28464]   INFO - j.ide.ui.OptionsTopHitProvider - 192 ms spent to cache options in application 
2019-05-28 16:34:30,078 [  28464]   INFO - .openapi.application.Preloader - com.intellij.ide.ui.OptionsTopHitProvider$Activity took 192 ms 
2019-05-28 16:34:30,080 [  28466]   INFO - til.net.ssl.CertificateManager - Default SSL context initialized 
2019-05-28 16:34:30,086 [  28472]   INFO - tellij.ide.SystemHealthMonitor - restored ignored PIPE handler 
2019-05-28 16:34:30,093 [  28479]   INFO - rains.ide.BuiltInServerManager - built-in server started, port 63342 
2019-05-28 16:34:30,136 [  28522]   INFO - gs.impl.UpdateCheckerComponent - channel: release 
2019-05-28 16:34:30,215 [  28601]   INFO - il.indexing.FileBasedIndexImpl - Index exts enumerated:34, number of extensions:21 
2019-05-28 16:34:30,219 [  28605]   INFO - il.indexing.FileBasedIndexImpl - Index scheduled:3 
2019-05-28 16:34:30,231 [  28617]   INFO - tellij.psi.stubs.StubIndexImpl - All stub exts enumerated:8, number of extensions:11 
2019-05-28 16:34:30,232 [  28618]   INFO - tellij.psi.stubs.StubIndexImpl - stub exts update scheduled:0 
2019-05-28 16:34:30,234 [  28620]   INFO - il.indexing.FileBasedIndexImpl - Index FilenameIndex will be built. 
2019-05-28 16:34:30,260 [  28646]   INFO - il.indexing.FileBasedIndexImpl - Index filetypes will be built. 
2019-05-28 16:34:30,268 [  28654]   INFO - il.indexing.FileBasedIndexImpl - Index FrameworkDetectionIndex will be built. 
2019-05-28 16:34:30,285 [  28671]   INFO - il.indexing.FileBasedIndexImpl - Index TodoIndex will be built. 
2019-05-28 16:34:30,298 [  28684]   INFO - pi.util.registry.RegistryValue - Registry value 'ide.ssh.one.time.password' has changed to 'true' 
2019-05-28 16:34:30,321 [  28707]   INFO - plication.impl.ApplicationImpl - 67 application components initialized in 1453ms 
2019-05-28 16:34:30,325 [  28711]   INFO - .intellij.idea.IdeaApplication - App initialization took 29285 ms 
2019-05-28 16:34:30,400 [  28786]   INFO - ndex.PrebuiltIndexProviderBase - Using prebuilt id-index from /root/.PyCharmCE2019.1/system/index/.persistent/prebuilt/Python/id-index.input 
2019-05-28 16:34:30,409 [  28795]   INFO - il.indexing.FileBasedIndexImpl - Index IdIndex will be built. 
2019-05-28 16:34:30,412 [  28798]   INFO - il.indexing.FileBasedIndexImpl - Index Stubs will be built. 
2019-05-28 16:34:30,454 [  28840]   INFO - ij.psi.stubs.StubUpdatingIndex - Following new file types will be indexed:XML,Python,Properties,HTML,PythonStub,Markdown 
2019-05-28 16:34:30,469 [  28855]   INFO - il.indexing.FileBasedIndexImpl - Index Trigram.Index will be built. 
2019-05-28 16:34:30,479 [  28865]   INFO - il.indexing.FileBasedIndexImpl - Index fileIncludes will be built. 
2019-05-28 16:34:30,483 [  28869]   INFO - il.indexing.FileBasedIndexImpl - Index DomFileIndex will be built. 
2019-05-28 16:34:30,485 [  28871]   INFO - il.indexing.FileBasedIndexImpl - Index RelaxSymbolIndex will be built. 
2019-05-28 16:34:30,489 [  28875]   INFO - il.indexing.FileBasedIndexImpl - Index XmlTagNames will be built. 
2019-05-28 16:34:30,492 [  28878]   INFO - il.indexing.FileBasedIndexImpl - Index XmlNamespaces will be built. 
2019-05-28 16:34:30,495 [  28881]   INFO - il.indexing.FileBasedIndexImpl - Index html5.custom.attributes.index will be built. 
2019-05-28 16:34:30,498 [  28884]   INFO - il.indexing.FileBasedIndexImpl - Index SchemaTypeInheritance will be built. 
2019-05-28 16:34:30,501 [  28887]   INFO - il.indexing.FileBasedIndexImpl - Index ImageFileInfoIndex will be built. 
2019-05-28 16:34:30,503 [  28889]   INFO - il.indexing.FileBasedIndexImpl - Index json.file.root.values will be built. 
2019-05-28 16:34:30,505 [  28891]   INFO - il.indexing.FileBasedIndexImpl - Index Py.module.name will be built. 
2019-05-28 16:34:30,507 [  28893]   INFO - il.indexing.FileBasedIndexImpl - Index Py.setuptools.namespace will be built. 
2019-05-28 16:34:30,509 [  28895]   INFO - il.indexing.FileBasedIndexImpl - Index xmlProperties will be built. 
2019-05-28 16:34:30,511 [  28897]   INFO - il.indexing.FileBasedIndexImpl - Index editorconfig.index.name will be built. 
2019-05-28 16:34:30,514 [  28900]   INFO - il.indexing.FileBasedIndexImpl - Index yaml.keys.name will be built. 
2019-05-28 16:34:30,522 [  28908]   INFO - pl$FileIndexDataInitialization - Initialization done:302 
2019-05-28 16:34:30,523 [  28909]   INFO - tellij.psi.stubs.StubIndexImpl - Stub index dom.namespaceKey will be built. 
2019-05-28 16:34:30,526 [  28912]   INFO - tellij.psi.stubs.StubIndexImpl - Stub index dom.elementClass will be built. 
2019-05-28 16:34:30,528 [  28914]   INFO - tellij.psi.stubs.StubIndexImpl - Stub index Py.class.shortName will be built. 
2019-05-28 16:34:30,529 [  28915]   INFO - tellij.psi.stubs.StubIndexImpl - Stub index Py.class.shortNameInsensitive will be built. 
2019-05-28 16:34:30,531 [  28917]   INFO - tellij.psi.stubs.StubIndexImpl - Stub index Py.function.shortName will be built. 
2019-05-28 16:34:30,533 [  28919]   INFO - tellij.psi.stubs.StubIndexImpl - Stub index Py.class.super will be built. 
2019-05-28 16:34:30,534 [  28920]   INFO - tellij.psi.stubs.StubIndexImpl - Stub index Py.variable.shortName will be built. 
2019-05-28 16:34:30,536 [  28922]   INFO - tellij.psi.stubs.StubIndexImpl - Stub index Python.Decorator will be built. 
2019-05-28 16:34:30,538 [  28924]   INFO - tellij.psi.stubs.StubIndexImpl - Stub index Py.class.attributes will be built. 
2019-05-28 16:34:30,540 [  28926]   INFO - tellij.psi.stubs.StubIndexImpl - Stub index properties.index will be built. 
2019-05-28 16:34:30,541 [  28927]   INFO - tellij.psi.stubs.StubIndexImpl - Stub index markdown.header will be built. 
2019-05-28 16:34:30,543 [  28929]   INFO - exImpl$StubIndexInitialization - Initialization done:21 
2019-05-28 16:34:30,609 [  28995]   INFO - penapi.wm.impl.GlobalMenuLinux - disable global-menu integration because some of shared libraries isn't installed: java.lang.UnsatisfiedLinkError: /root/.local/share/umake/ide/pycharm/bin/libdbm64.so: libdbusmenu-glib.so.4: cannot open shared object file: No such file or directory 
2019-05-28 16:34:30,762 [  29148]   INFO - com.intellij.ide.ui.UISettings - Loaded: fontSize=12, fontScale=1.0; restored: fontSize=12, fontScale=1.0 
2019-05-28 16:34:30,991 [  29377]   INFO - j.ide.ui.OptionsTopHitProvider - 354 ms spent on EDT to cache options in application 
2019-05-28 16:34:31,296 [  29682]   INFO - .openapi.application.Preloader - com.intellij.openapi.actionSystem.impl.ActionPreloader took 1217 ms 
2019-05-28 16:34:31,436 [  29822]   INFO - .openapi.application.Preloader - com.intellij.ide.ui.search.SearchableOptionPreloader took 139 ms 
2019-05-28 16:34:31,520 [  29906]   INFO - j.ide.plugins.RepositoryHelper - using cached plugin list (updated at 5/28/19, 4:34 PM) 
2019-05-28 16:34:31,602 [  29988]   INFO - .openapi.application.Preloader - com.intellij.codeInsight.completion.CompletionPreloader took 165 ms 
2019-05-28 16:34:31,604 [  29990]   INFO - .openapi.application.Preloader - com.intellij.ide.actions.GotoClassPresentationUpdater took 1 ms 
2019-05-28 16:34:33,709 [  32095]   INFO - ellij.project.impl.ProjectImpl - 15 project components initialized in 113 ms 
2019-05-28 16:34:34,017 [  32403]   WARN - til.ui.update.LazyUiDisposable - use application as a parent disposable 
2019-05-28 16:34:36,629 [  35015]   WARN - til.ui.update.LazyUiDisposable - use application as a parent disposable 
2019-05-28 16:34:43,180 [  41566]   INFO - rationStore.ComponentStoreImpl - Saving default projectDependencyValidationManager took 12 ms 
2019-05-28 16:34:43,438 [  41824]   INFO - ellij.project.impl.ProjectImpl - 89 project components initialized in 257 ms 
2019-05-28 16:34:43,438 [  41824]   INFO - le.impl.ModuleManagerComponent - 0 module(s) loaded in 0 ms 
2019-05-28 16:34:43,509 [  41895]   INFO - rnal.statistic.DeviceIdManager - Generating new Device ID 
2019-05-28 16:34:43,510 [  41896]   INFO - eventLog.EventLogConfiguration - Generating salt for the device 
2019-05-28 16:34:43,514 [  41900]   INFO - j.ide.script.IdeStartupScripts - 0 startup script(s) found 
2019-05-28 16:34:43,668 [  42054]   INFO - rojectCodeStyleSettingsManager - Initialized from default code style settings. 
2019-05-28 16:34:44,077 [  42463]   INFO - .diagnostic.PerformanceWatcher - Post-startup activities under progress took 91ms; general responsiveness: ok; EDT responsiveness: ok 
2019-05-28 16:34:44,382 [  42768]   INFO - .diagnostic.PerformanceWatcher - Pushing properties took 22ms; general responsiveness: ok; EDT responsiveness: ok 
2019-05-28 16:34:44,460 [  42846]   INFO - packaging.PyPackageManagerImpl - Running packaging tool: /usr/bin/python3.5 /root/.local/share/umake/ide/pycharm/helpers/packaging_tool.py pyvenv --system-site-packages /root/PycharmProjects/dev/venv 
2019-05-28 16:34:44,618 [  43004]   INFO - packaging.PyPackageManagerImpl - Running packaging tool: /root/PycharmProjects/dev/venv/bin/python /root/.local/share/umake/ide/pycharm/helpers/packaging_tool.py list 
2019-05-28 16:34:44,619 [  43005]   INFO - .intellij.util.EnvironmentUtil - loading shell env: /bin/bash -c . '/root/PycharmProjects/dev/venv/bin/activate';'/root/.local/share/umake/ide/pycharm/bin/printenv.py' '/tmp/intellij-shell-env.tmp' 
2019-05-28 16:34:44,648 [  43034]   INFO - .diagnostic.PerformanceWatcher - Indexable file iteration took 265ms; general responsiveness: ok; EDT responsiveness: ok 
2019-05-28 16:34:44,649 [  43035]   INFO - indexing.UnindexedFilesUpdater - Unindexed files update started: 211 files to update 
2019-05-28 16:34:44,721 [  43107]   INFO - .intellij.util.EnvironmentUtil - shell environment loaded (26 vars) 
2019-05-28 16:34:45,059 [  43445]   INFO - .intellij.util.EnvironmentUtil - loading shell env: /bin/bash -c . '/root/PycharmProjects/dev/venv/bin/activate';'/root/.local/share/umake/ide/pycharm/bin/printenv.py' '/tmp/intellij-shell-env.tmp' 
2019-05-28 16:34:45,106 [  43492]   INFO - .intellij.util.EnvironmentUtil - loading shell env: /bin/bash -c . '/root/PycharmProjects/dev/venv/bin/activate';'/root/.local/share/umake/ide/pycharm/bin/printenv.py' '/tmp/intellij-shell-env.1.tmp' 
2019-05-28 16:34:45,168 [  43554]   INFO - .intellij.util.EnvironmentUtil - shell environment loaded (26 vars) 
2019-05-28 16:34:45,214 [  43600]   INFO - .intellij.util.EnvironmentUtil - shell environment loaded (26 vars) 
2019-05-28 16:34:45,280 [  43666]   INFO - ns.python.sdk.PythonSdkUpdater - Updating sys.path took 180 ms 
2019-05-28 16:34:45,284 [  43670]   INFO - ns.python.sdk.PythonSdkUpdater - Bogus sys.path entry /usr/lib/python35.zip 
2019-05-28 16:34:45,289 [  43675]   INFO - ns.python.sdk.PythonSdkUpdater - Binary skeletons directory for SDK Python 3.5 (dev) (/root/PycharmProjects/dev/venv/bin/python)): /root/.PyCharmCE2019.1/system/python_stubs/1949293853 
2019-05-28 16:34:45,294 [  43680]   INFO - ns.python.sdk.PythonSdkUpdater - User skeletons directory for SDK Python 3.5 (dev) (/root/PycharmProjects/dev/venv/bin/python)): /root/.local/share/umake/ide/pycharm/helpers/python-skeletons 
2019-05-28 16:34:45,410 [  43796]   INFO - pl.ProjectRootManagerComponent - project roots have changed 
2019-05-28 16:34:45,421 [  43807]   INFO - pl.ProjectRootManagerComponent - project roots have changed 
2019-05-28 16:34:45,430 [  43816]   INFO - pl.ProjectRootManagerComponent - project roots have changed 
2019-05-28 16:34:45,435 [  43821]   WARN - tartup.impl.StartupManagerImpl - /root/PycharmProjects/dev/.idea 
java.io.FileNotFoundException: /root/PycharmProjects/dev/.idea
	at com.intellij.openapi.util.io.FileUtil.isFileSystemCaseSensitive(FileUtil.java:1511)
	at com.intellij.ide.startup.impl.StartupManagerImpl.checkFsSanity(StartupManagerImpl.java:257)
	at com.intellij.ide.startup.impl.StartupManagerImpl.runPostStartupActivities(StartupManagerImpl.java:177)
	at com.intellij.openapi.project.impl.ProjectManagerImpl.lambda$null$7(ProjectManagerImpl.java:411)
	at com.intellij.openapi.application.TransactionGuardImpl$2.run(TransactionGuardImpl.java:315)
	at com.intellij.openapi.application.impl.LaterInvocator$FlushQueue.doRun(LaterInvocator.java:435)
	at com.intellij.openapi.application.impl.LaterInvocator$FlushQueue.runNextEvent(LaterInvocator.java:419)
	at com.intellij.openapi.application.impl.LaterInvocator$FlushQueue.run(LaterInvocator.java:403)
	at java.desktop/java.awt.event.InvocationEvent.dispatch(Unknown Source)
	at java.desktop/java.awt.EventQueue.dispatchEventImpl(Unknown Source)
	at java.desktop/java.awt.EventQueue$4.run(Unknown Source)
	at java.desktop/java.awt.EventQueue$4.run(Unknown Source)
	at java.base/java.security.AccessController.doPrivileged(Native Method)
	at java.base/java.security.ProtectionDomain$JavaSecurityAccessImpl.doIntersectionPrivilege(Unknown Source)
	at java.desktop/java.awt.EventQueue.dispatchEvent(Unknown Source)
	at com.intellij.ide.IdeEventQueue.defaultDispatchEvent(IdeEventQueue.java:729)
	at com.intellij.ide.IdeEventQueue._dispatchEvent(IdeEventQueue.java:678)
	at com.intellij.ide.IdeEventQueue.dispatchEvent(IdeEventQueue.java:373)
	at java.desktop/java.awt.EventDispatchThread.pumpOneEventForFilters(Unknown Source)
	at java.desktop/java.awt.EventDispatchThread.pumpEventsForFilter(Unknown Source)
	at java.desktop/java.awt.EventDispatchThread.pumpEventsForHierarchy(Unknown Source)
	at java.desktop/java.awt.EventDispatchThread.pumpEvents(Unknown Source)
	at java.desktop/java.awt.EventDispatchThread.pumpEvents(Unknown Source)
	at java.desktop/java.awt.EventDispatchThread.run(Unknown Source)
2019-05-28 16:34:45,449 [  43835]   INFO - pl.projectlevelman.NewMappings - VCS Root: [] - [<Project>] 
2019-05-28 16:34:45,469 [  43855]   INFO - ns.python.sdk.PythonSdkUpdater - Performing background update of skeletons for SDK Python 3.5 (dev) (/root/PycharmProjects/dev/venv/bin/python) 
2019-05-28 16:34:45,471 [  43857]   INFO - .skeletons.PySkeletonRefresher - Refreshing skeletons for /root/PycharmProjects/dev/venv/bin/python 
2019-05-28 16:34:45,478 [  43864]   INFO - indexing.UnindexedFilesUpdater - Unindexed files update canceled 
2019-05-28 16:34:45,515 [  43901]   INFO - tor.impl.FileEditorManagerImpl - Project opening took 2395 ms 
2019-05-28 16:34:45,604 [  43990]   INFO - g.FileBasedIndexProjectHandler - Reindexing refreshed files: 0 to update, calculated in 73ms 
2019-05-28 16:34:45,734 [  44120]   INFO - .skeletons.PySkeletonGenerator - Retrieving binary module list took 255 ms 
2019-05-28 16:34:45,739 [  44125]   INFO - tPregeneratedSkeletonsProvider - Home path is /root/.local/share/umake/ide/pycharm 
2019-05-28 16:34:46,075 [  44461]   INFO - .diagnostic.PerformanceWatcher - Pushing Python language level to 11 roots in 1 SDKs took 405ms; general responsiveness: ok; EDT responsiveness: ok 
2019-05-28 16:34:46,308 [  44694]   INFO - .diagnostic.PerformanceWatcher - Pushing properties took 3ms; general responsiveness: ok; EDT responsiveness: ok 
2019-05-28 16:34:47,043 [  45429]   INFO - .diagnostic.PerformanceWatcher - Indexable file iteration took 735ms; general responsiveness: ok; EDT responsiveness: ok 
2019-05-28 16:34:47,046 [  45432]   INFO - indexing.UnindexedFilesUpdater - Unindexed files update started: 3604 files to update 
2019-05-28 16:34:47,127 [  45513]   INFO - ndex.PrebuiltIndexProviderBase - Using prebuilt sdk-stubs from /root/.PyCharmCE2019.1/system/index/.persistent/prebuilt/Python/sdk-stubs.input 
2019-05-28 16:34:47,596 [  45982]   INFO - .skeletons.PySkeletonGenerator - Rebuilding builtin skeletons took 1853 ms 
2019-05-28 16:34:47,599 [  45985]   INFO - .skeletons.PySkeletonRefresher - Skeleton for _bz2 
2019-05-28 16:34:47,600 [  45986]   INFO - .intellij.util.EnvironmentUtil - loading shell env: /bin/bash -c . '/root/PycharmProjects/dev/venv/bin/activate';'/root/.local/share/umake/ide/pycharm/bin/printenv.py' '/tmp/intellij-shell-env.tmp' 
2019-05-28 16:34:47,706 [  46092]   INFO - .intellij.util.EnvironmentUtil - shell environment loaded (26 vars) 
2019-05-28 16:34:47,919 [  46305]   INFO - .skeletons.PySkeletonRefresher - Skeleton for _codecs_cn 
2019-05-28 16:34:47,919 [  46305]   INFO - .intellij.util.EnvironmentUtil - loading shell env: /bin/bash -c . '/root/PycharmProjects/dev/venv/bin/activate';'/root/.local/share/umake/ide/pycharm/bin/printenv.py' '/tmp/intellij-shell-env.tmp' 
2019-05-28 16:34:48,034 [  46420]   INFO - .intellij.util.EnvironmentUtil - shell environment loaded (26 vars) 
2019-05-28 16:34:48,276 [  46662]   INFO - .skeletons.PySkeletonRefresher - Skeleton for _codecs_hk 
2019-05-28 16:34:48,276 [  46662]   INFO - .intellij.util.EnvironmentUtil - loading shell env: /bin/bash -c . '/root/PycharmProjects/dev/venv/bin/activate';'/root/.local/share/umake/ide/pycharm/bin/printenv.py' '/tmp/intellij-shell-env.tmp' 
2019-05-28 16:34:48,377 [  46763]   INFO - .intellij.util.EnvironmentUtil - shell environment loaded (26 vars) 
2019-05-28 16:34:48,605 [  46991]   INFO - .skeletons.PySkeletonRefresher - Skeleton for _codecs_iso2022 
2019-05-28 16:34:48,606 [  46992]   INFO - .intellij.util.EnvironmentUtil - loading shell env: /bin/bash -c . '/root/PycharmProjects/dev/venv/bin/activate';'/root/.local/share/umake/ide/pycharm/bin/printenv.py' '/tmp/intellij-shell-env.tmp' 
2019-05-28 16:34:48,728 [  47114]   INFO - .intellij.util.EnvironmentUtil - shell environment loaded (26 vars) 
2019-05-28 16:34:48,961 [  47347]   INFO - .skeletons.PySkeletonRefresher - Skeleton for _codecs_jp 
2019-05-28 16:34:48,962 [  47348]   INFO - .intellij.util.EnvironmentUtil - loading shell env: /bin/bash -c . '/root/PycharmProjects/dev/venv/bin/activate';'/root/.local/share/umake/ide/pycharm/bin/printenv.py' '/tmp/intellij-shell-env.tmp' 
2019-05-28 16:34:49,064 [  47450]   INFO - .intellij.util.EnvironmentUtil - shell environment loaded (26 vars) 
2019-05-28 16:34:49,256 [  47642]   INFO - .skeletons.PySkeletonRefresher - Skeleton for _codecs_kr 
2019-05-28 16:34:49,256 [  47642]   INFO - .intellij.util.EnvironmentUtil - loading shell env: /bin/bash -c . '/root/PycharmProjects/dev/venv/bin/activate';'/root/.local/share/umake/ide/pycharm/bin/printenv.py' '/tmp/intellij-shell-env.tmp' 
2019-05-28 16:34:49,358 [  47744]   INFO - .intellij.util.EnvironmentUtil - shell environment loaded (26 vars) 
2019-05-28 16:34:49,613 [  47999]   INFO - .skeletons.PySkeletonRefresher - Skeleton for _codecs_tw 
2019-05-28 16:34:49,613 [  47999]   INFO - .intellij.util.EnvironmentUtil - loading shell env: /bin/bash -c . '/root/PycharmProjects/dev/venv/bin/activate';'/root/.local/share/umake/ide/pycharm/bin/printenv.py' '/tmp/intellij-shell-env.tmp' 
2019-05-28 16:34:49,723 [  48109]   INFO - .intellij.util.EnvironmentUtil - shell environment loaded (26 vars) 
2019-05-28 16:34:49,943 [  48329]   INFO - .skeletons.PySkeletonRefresher - Skeleton for _crypt 
2019-05-28 16:34:49,944 [  48330]   INFO - .intellij.util.EnvironmentUtil - loading shell env: /bin/bash -c . '/root/PycharmProjects/dev/venv/bin/activate';'/root/.local/share/umake/ide/pycharm/bin/printenv.py' '/tmp/intellij-shell-env.tmp' 
2019-05-28 16:34:50,005 [  48391]   WARN - ij.images.util.ImageInfoReader - minusnode.gif 
java.io.IOException: org.apache.commons.imaging.ImageReadException: GIF: unexpected end of data
	at org.intellij.images.util.imageio.CommonsImagingImageReaderSpi$MyImageReader.getInfo(CommonsImagingImageReaderSpi.java:186)
	at org.intellij.images.util.imageio.CommonsImagingImageReaderSpi$MyImageReader.getWidth(CommonsImagingImageReaderSpi.java:220)
	at org.intellij.images.util.ImageInfoReader.read(ImageInfoReader.java:85)
	at org.intellij.images.util.ImageInfoReader.getInfo(ImageInfoReader.java:61)
	at org.intellij.images.index.ImageInfoIndex$2.computeValue(ImageInfoIndex.java:59)
	at org.intellij.images.index.ImageInfoIndex$2.computeValue(ImageInfoIndex.java:56)
	at com.intellij.util.indexing.SingleEntryIndexer.map(SingleEntryIndexer.java:43)
	at com.intellij.util.indexing.SingleEntryIndexer.map(SingleEntryIndexer.java:30)
	at com.intellij.util.indexing.impl.MapReduceIndex.mapInput(MapReduceIndex.java:264)
	at com.intellij.util.indexing.VfsAwareMapReduceIndex.calculateUpdateData(VfsAwareMapReduceIndex.java:83)
	at com.intellij.util.indexing.impl.MapReduceIndex.update(MapReduceIndex.java:212)
	at com.intellij.util.indexing.FileBasedIndexImpl.updateSingleIndex(FileBasedIndexImpl.java:1673)
	at com.intellij.util.indexing.FileBasedIndexImpl.lambda$doIndexFileContent$27(FileBasedIndexImpl.java:1601)
	at com.intellij.openapi.fileTypes.impl.FileTypeManagerImpl.freezeFileTypeTemporarilyIn(FileTypeManagerImpl.java:522)
	at com.intellij.util.indexing.FileBasedIndexImpl.doIndexFileContent(FileBasedIndexImpl.java:1560)
	at com.intellij.util.indexing.FileBasedIndexImpl.indexFileContent(FileBasedIndexImpl.java:1547)
	at com.intellij.util.indexing.UnindexedFilesUpdater.lambda$indexFiles$0(UnindexedFilesUpdater.java:109)
	at com.intellij.openapi.project.CacheUpdateRunner$MyRunnable.lambda$run$0(CacheUpdateRunner.java:216)
	at com.intellij.openapi.application.impl.ApplicationImpl.tryRunReadAction(ApplicationImpl.java:1166)
	at com.intellij.openapi.project.CacheUpdateRunner$MyRunnable.lambda$run$1(CacheUpdateRunner.java:232)
	at com.intellij.openapi.progress.impl.CoreProgressManager.lambda$runProcess$2(CoreProgressManager.java:164)
	at com.intellij.openapi.progress.impl.CoreProgressManager.registerIndicatorAndRun(CoreProgressManager.java:586)
	at com.intellij.openapi.progress.impl.CoreProgressManager.executeProcessUnderProgress(CoreProgressManager.java:532)
	at com.intellij.openapi.progress.impl.ProgressManagerImpl.executeProcessUnderProgress(ProgressManagerImpl.java:86)
	at com.intellij.openapi.progress.impl.CoreProgressManager.runProcess(CoreProgressManager.java:151)
	at com.intellij.openapi.project.CacheUpdateRunner$MyRunnable.run(CacheUpdateRunner.java:229)
	at com.intellij.openapi.application.impl.ApplicationImpl$1.run(ApplicationImpl.java:311)
	at java.base/java.util.concurrent.Executors$RunnableAdapter.call(Unknown Source)
	at java.base/java.util.concurrent.FutureTask.run(Unknown Source)
	at java.base/java.util.concurrent.ThreadPoolExecutor.runWorker(Unknown Source)
	at java.base/java.util.concurrent.ThreadPoolExecutor$Worker.run(Unknown Source)
	at java.base/java.lang.Thread.run(Unknown Source)
Caused by: org.apache.commons.imaging.ImageReadException: GIF: unexpected end of data
	at org.apache.commons.imaging.formats.gif.GifImageParser.readBlocks(GifImageParser.java:253)
	at org.apache.commons.imaging.formats.gif.GifImageParser.readFile(GifImageParser.java:456)
	at org.apache.commons.imaging.formats.gif.GifImageParser.readFile(GifImageParser.java:440)
	at org.apache.commons.imaging.formats.gif.GifImageParser.getImageInfo(GifImageParser.java:521)
	at org.apache.commons.imaging.Imaging.getImageInfo(Imaging.java:703)
	at org.apache.commons.imaging.Imaging.getImageInfo(Imaging.java:637)
	at org.intellij.images.util.imageio.CommonsImagingImageReaderSpi$MyImageReader.getInfo(CommonsImagingImageReaderSpi.java:183)
	... 31 more
2019-05-28 16:34:50,045 [  48431]   INFO - .intellij.util.EnvironmentUtil - shell environment loaded (26 vars) 
2019-05-28 16:34:50,230 [  48616]   INFO - .skeletons.PySkeletonRefresher - Skeleton for _csv 
2019-05-28 16:34:50,230 [  48616]   INFO - .intellij.util.EnvironmentUtil - loading shell env: /bin/bash -c . '/root/PycharmProjects/dev/venv/bin/activate';'/root/.local/share/umake/ide/pycharm/bin/printenv.py' '/tmp/intellij-shell-env.tmp' 
2019-05-28 16:34:50,331 [  48717]   INFO - .intellij.util.EnvironmentUtil - shell environment loaded (26 vars) 
2019-05-28 16:34:50,530 [  48916]   INFO - .skeletons.PySkeletonRefresher - Skeleton for _ctypes 
2019-05-28 16:34:50,530 [  48916]   INFO - .intellij.util.EnvironmentUtil - loading shell env: /bin/bash -c . '/root/PycharmProjects/dev/venv/bin/activate';'/root/.local/share/umake/ide/pycharm/bin/printenv.py' '/tmp/intellij-shell-env.tmp' 
2019-05-28 16:34:50,631 [  49017]   INFO - .intellij.util.EnvironmentUtil - shell environment loaded (26 vars) 
2019-05-28 16:34:50,873 [  49259]   INFO - .skeletons.PySkeletonRefresher - Skeleton for _ctypes_test 
2019-05-28 16:34:50,874 [  49260]   INFO - .intellij.util.EnvironmentUtil - loading shell env: /bin/bash -c . '/root/PycharmProjects/dev/venv/bin/activate';'/root/.local/share/umake/ide/pycharm/bin/printenv.py' '/tmp/intellij-shell-env.tmp' 
2019-05-28 16:34:50,975 [  49361]   INFO - .intellij.util.EnvironmentUtil - shell environment loaded (26 vars) 
2019-05-28 16:34:51,209 [  49595]   INFO - .skeletons.PySkeletonRefresher - Skeleton for _curses 
2019-05-28 16:34:51,209 [  49595]   INFO - .intellij.util.EnvironmentUtil - loading shell env: /bin/bash -c . '/root/PycharmProjects/dev/venv/bin/activate';'/root/.local/share/umake/ide/pycharm/bin/printenv.py' '/tmp/intellij-shell-env.tmp' 
2019-05-28 16:34:51,312 [  49698]   INFO - .intellij.util.EnvironmentUtil - shell environment loaded (26 vars) 
2019-05-28 16:34:51,536 [  49922]   INFO - .skeletons.PySkeletonRefresher - Skeleton for _curses_panel 
2019-05-28 16:34:51,536 [  49922]   INFO - .intellij.util.EnvironmentUtil - loading shell env: /bin/bash -c . '/root/PycharmProjects/dev/venv/bin/activate';'/root/.local/share/umake/ide/pycharm/bin/printenv.py' '/tmp/intellij-shell-env.tmp' 
2019-05-28 16:34:51,638 [  50024]   INFO - .intellij.util.EnvironmentUtil - shell environment loaded (26 vars) 
2019-05-28 16:34:51,866 [  50252]   INFO - .skeletons.PySkeletonRefresher - Skeleton for _dbm 
2019-05-28 16:34:51,866 [  50252]   INFO - .intellij.util.EnvironmentUtil - loading shell env: /bin/bash -c . '/root/PycharmProjects/dev/venv/bin/activate';'/root/.local/share/umake/ide/pycharm/bin/printenv.py' '/tmp/intellij-shell-env.tmp' 
2019-05-28 16:34:51,968 [  50354]   INFO - .intellij.util.EnvironmentUtil - shell environment loaded (26 vars) 
2019-05-28 16:34:52,210 [  50596]   INFO - .skeletons.PySkeletonRefresher - Skeleton for _dbus_bindings 
2019-05-28 16:34:52,211 [  50597]   INFO - .intellij.util.EnvironmentUtil - loading shell env: /bin/bash -c . '/root/PycharmProjects/dev/venv/bin/activate';'/root/.local/share/umake/ide/pycharm/bin/printenv.py' '/tmp/intellij-shell-env.tmp' 
2019-05-28 16:34:52,315 [  50701]   INFO - .intellij.util.EnvironmentUtil - shell environment loaded (26 vars) 
2019-05-28 16:34:52,744 [  51130]   INFO - .skeletons.PySkeletonRefresher - Skeleton for _dbus_glib_bindings 
2019-05-28 16:34:52,744 [  51130]   INFO - .intellij.util.EnvironmentUtil - loading shell env: /bin/bash -c . '/root/PycharmProjects/dev/venv/bin/activate';'/root/.local/share/umake/ide/pycharm/bin/printenv.py' '/tmp/intellij-shell-env.tmp' 
2019-05-28 16:34:52,849 [  51235]   INFO - .intellij.util.EnvironmentUtil - shell environment loaded (26 vars) 
2019-05-28 16:34:53,087 [  51473]   INFO - .skeletons.PySkeletonRefresher - Skeleton for _decimal 
2019-05-28 16:34:53,088 [  51474]   INFO - .intellij.util.EnvironmentUtil - loading shell env: /bin/bash -c . '/root/PycharmProjects/dev/venv/bin/activate';'/root/.local/share/umake/ide/pycharm/bin/printenv.py' '/tmp/intellij-shell-env.tmp' 
2019-05-28 16:34:53,197 [  51583]   INFO - .intellij.util.EnvironmentUtil - shell environment loaded (26 vars) 
2019-05-28 16:34:53,559 [  51945]   INFO - .skeletons.PySkeletonRefresher - Skeleton for _hashlib 
2019-05-28 16:34:53,560 [  51946]   INFO - .intellij.util.EnvironmentUtil - loading shell env: /bin/bash -c . '/root/PycharmProjects/dev/venv/bin/activate';'/root/.local/share/umake/ide/pycharm/bin/printenv.py' '/tmp/intellij-shell-env.tmp' 
2019-05-28 16:34:53,633 [  52019]   INFO - packaging.PyPackageManagerImpl - Running packaging tool: /root/PycharmProjects/dev/venv/bin/python /root/.local/share/umake/ide/pycharm/helpers/packaging_tool.py list 
2019-05-28 16:34:53,661 [  52047]   INFO - .intellij.util.EnvironmentUtil - shell environment loaded (26 vars) 
2019-05-28 16:34:53,902 [  52288]   INFO - .skeletons.PySkeletonRefresher - Skeleton for _json 
2019-05-28 16:34:53,903 [  52289]   INFO - .intellij.util.EnvironmentUtil - loading shell env: /bin/bash -c . '/root/PycharmProjects/dev/venv/bin/activate';'/root/.local/share/umake/ide/pycharm/bin/printenv.py' '/tmp/intellij-shell-env.tmp' 
2019-05-28 16:34:54,004 [  52390]   INFO - .intellij.util.EnvironmentUtil - shell environment loaded (26 vars) 
2019-05-28 16:34:54,284 [  52670]   INFO - .skeletons.PySkeletonRefresher - Skeleton for _lsprof 
2019-05-28 16:34:54,284 [  52670]   INFO - .intellij.util.EnvironmentUtil - loading shell env: /bin/bash -c . '/root/PycharmProjects/dev/venv/bin/activate';'/root/.local/share/umake/ide/pycharm/bin/printenv.py' '/tmp/intellij-shell-env.tmp' 
2019-05-28 16:34:54,386 [  52772]   INFO - .intellij.util.EnvironmentUtil - shell environment loaded (26 vars) 
2019-05-28 16:34:54,597 [  52983]   INFO - .skeletons.PySkeletonRefresher - Skeleton for _lzma 
2019-05-28 16:34:54,597 [  52983]   INFO - .intellij.util.EnvironmentUtil - loading shell env: /bin/bash -c . '/root/PycharmProjects/dev/venv/bin/activate';'/root/.local/share/umake/ide/pycharm/bin/printenv.py' '/tmp/intellij-shell-env.tmp' 
2019-05-28 16:34:54,703 [  53089]   INFO - .intellij.util.EnvironmentUtil - shell environment loaded (26 vars) 
2019-05-28 16:34:54,916 [  53302]   INFO - .skeletons.PySkeletonRefresher - Skeleton for _multibytecodec 
2019-05-28 16:34:54,916 [  53302]   INFO - .intellij.util.EnvironmentUtil - loading shell env: /bin/bash -c . '/root/PycharmProjects/dev/venv/bin/activate';'/root/.local/share/umake/ide/pycharm/bin/printenv.py' '/tmp/intellij-shell-env.tmp' 
2019-05-28 16:34:55,029 [  53415]   INFO - .intellij.util.EnvironmentUtil - shell environment loaded (26 vars) 
2019-05-28 16:34:55,257 [  53643]   INFO - .skeletons.PySkeletonRefresher - Skeleton for _multiprocessing 
2019-05-28 16:34:55,257 [  53643]   INFO - .intellij.util.EnvironmentUtil - loading shell env: /bin/bash -c . '/root/PycharmProjects/dev/venv/bin/activate';'/root/.local/share/umake/ide/pycharm/bin/printenv.py' '/tmp/intellij-shell-env.tmp' 
2019-05-28 16:34:55,359 [  53745]   INFO - .intellij.util.EnvironmentUtil - shell environment loaded (26 vars) 
2019-05-28 16:34:55,576 [  53962]   INFO - .skeletons.PySkeletonRefresher - Skeleton for _opcode 
2019-05-28 16:34:55,576 [  53962]   INFO - .intellij.util.EnvironmentUtil - loading shell env: /bin/bash -c . '/root/PycharmProjects/dev/venv/bin/activate';'/root/.local/share/umake/ide/pycharm/bin/printenv.py' '/tmp/intellij-shell-env.tmp' 
2019-05-28 16:34:55,683 [  54069]   INFO - .intellij.util.EnvironmentUtil - shell environment loaded (26 vars) 
2019-05-28 16:34:55,901 [  54287]   INFO - .skeletons.PySkeletonRefresher - Skeleton for _sqlite3 
2019-05-28 16:34:55,901 [  54287]   INFO - .intellij.util.EnvironmentUtil - loading shell env: /bin/bash -c . '/root/PycharmProjects/dev/venv/bin/activate';'/root/.local/share/umake/ide/pycharm/bin/printenv.py' '/tmp/intellij-shell-env.tmp' 
2019-05-28 16:34:56,006 [  54392]   INFO - .intellij.util.EnvironmentUtil - shell environment loaded (26 vars) 
2019-05-28 16:34:56,327 [  54713]   INFO - .skeletons.PySkeletonRefresher - Skeleton for _ssl 
2019-05-28 16:34:56,327 [  54713]   INFO - .intellij.util.EnvironmentUtil - loading shell env: /bin/bash -c . '/root/PycharmProjects/dev/venv/bin/activate';'/root/.local/share/umake/ide/pycharm/bin/printenv.py' '/tmp/intellij-shell-env.tmp' 
2019-05-28 16:34:56,458 [  54844]   INFO - .intellij.util.EnvironmentUtil - shell environment loaded (26 vars) 
2019-05-28 16:34:56,777 [  55163]   INFO - .skeletons.PySkeletonRefresher - Skeleton for _testbuffer 
2019-05-28 16:34:56,778 [  55164]   INFO - .intellij.util.EnvironmentUtil - loading shell env: /bin/bash -c . '/root/PycharmProjects/dev/venv/bin/activate';'/root/.local/share/umake/ide/pycharm/bin/printenv.py' '/tmp/intellij-shell-env.tmp' 
2019-05-28 16:34:56,879 [  55265]   INFO - .intellij.util.EnvironmentUtil - shell environment loaded (26 vars) 
2019-05-28 16:34:57,160 [  55546]   INFO - .skeletons.PySkeletonRefresher - Skeleton for _testcapi 
2019-05-28 16:34:57,161 [  55547]   INFO - .intellij.util.EnvironmentUtil - loading shell env: /bin/bash -c . '/root/PycharmProjects/dev/venv/bin/activate';'/root/.local/share/umake/ide/pycharm/bin/printenv.py' '/tmp/intellij-shell-env.tmp' 
2019-05-28 16:34:57,272 [  55658]   INFO - .intellij.util.EnvironmentUtil - shell environment loaded (26 vars) 
2019-05-28 16:34:57,520 [  55906]   INFO - .skeletons.PySkeletonRefresher - Skeleton for _testimportmultiple 
2019-05-28 16:34:57,521 [  55907]   INFO - .intellij.util.EnvironmentUtil - loading shell env: /bin/bash -c . '/root/PycharmProjects/dev/venv/bin/activate';'/root/.local/share/umake/ide/pycharm/bin/printenv.py' '/tmp/intellij-shell-env.tmp' 
2019-05-28 16:34:57,625 [  56011]   INFO - .intellij.util.EnvironmentUtil - shell environment loaded (26 vars) 
2019-05-28 16:34:57,854 [  56240]   INFO - .skeletons.PySkeletonRefresher - Skeleton for _testmultiphase 
2019-05-28 16:34:57,854 [  56240]   INFO - .intellij.util.EnvironmentUtil - loading shell env: /bin/bash -c . '/root/PycharmProjects/dev/venv/bin/activate';'/root/.local/share/umake/ide/pycharm/bin/printenv.py' '/tmp/intellij-shell-env.tmp' 
2019-05-28 16:34:57,972 [  56358]   INFO - .intellij.util.EnvironmentUtil - shell environment loaded (26 vars) 
2019-05-28 16:34:58,220 [  56606]   INFO - .skeletons.PySkeletonRefresher - Skeleton for _tkinter 
2019-05-28 16:34:58,220 [  56606]   INFO - .intellij.util.EnvironmentUtil - loading shell env: /bin/bash -c . '/root/PycharmProjects/dev/venv/bin/activate';'/root/.local/share/umake/ide/pycharm/bin/printenv.py' '/tmp/intellij-shell-env.tmp' 
2019-05-28 16:34:58,324 [  56710]   INFO - .intellij.util.EnvironmentUtil - shell environment loaded (26 vars) 
2019-05-28 16:34:58,565 [  56951]   INFO - .skeletons.PySkeletonRefresher - Skeleton for _yaml 
2019-05-28 16:34:58,565 [  56951]   INFO - .intellij.util.EnvironmentUtil - loading shell env: /bin/bash -c . '/root/PycharmProjects/dev/venv/bin/activate';'/root/.local/share/umake/ide/pycharm/bin/printenv.py' '/tmp/intellij-shell-env.tmp' 
2019-05-28 16:34:58,667 [  57053]   INFO - .intellij.util.EnvironmentUtil - shell environment loaded (26 vars) 
2019-05-28 16:34:58,936 [  57322]   INFO - .skeletons.PySkeletonRefresher - Skeleton for apt_inst 
2019-05-28 16:34:58,936 [  57322]   INFO - .intellij.util.EnvironmentUtil - loading shell env: /bin/bash -c . '/root/PycharmProjects/dev/venv/bin/activate';'/root/.local/share/umake/ide/pycharm/bin/printenv.py' '/tmp/intellij-shell-env.tmp' 
2019-05-28 16:34:59,176 [  57562]   INFO - .intellij.util.EnvironmentUtil - shell environment loaded (26 vars) 
2019-05-28 16:34:59,493 [  57879]   INFO - .skeletons.PySkeletonRefresher - Skeleton for apt_pkg 
2019-05-28 16:34:59,494 [  57880]   INFO - .intellij.util.EnvironmentUtil - loading shell env: /bin/bash -c . '/root/PycharmProjects/dev/venv/bin/activate';'/root/.local/share/umake/ide/pycharm/bin/printenv.py' '/tmp/intellij-shell-env.tmp' 
2019-05-28 16:34:59,600 [  57986]   INFO - .intellij.util.EnvironmentUtil - shell environment loaded (26 vars) 
2019-05-28 16:35:00,260 [  58646]   INFO - .skeletons.PySkeletonRefresher - Skeleton for audioop 
2019-05-28 16:35:00,260 [  58646]   INFO - .intellij.util.EnvironmentUtil - loading shell env: /bin/bash -c . '/root/PycharmProjects/dev/venv/bin/activate';'/root/.local/share/umake/ide/pycharm/bin/printenv.py' '/tmp/intellij-shell-env.tmp' 
2019-05-28 16:35:00,362 [  58748]   INFO - .intellij.util.EnvironmentUtil - shell environment loaded (26 vars) 
2019-05-28 16:35:00,675 [  59061]   INFO - .skeletons.PySkeletonRefresher - Skeleton for boost.mpi 
2019-05-28 16:35:00,676 [  59062]   INFO - .intellij.util.EnvironmentUtil - loading shell env: /bin/bash -c . '/root/PycharmProjects/dev/venv/bin/activate';'/root/.local/share/umake/ide/pycharm/bin/printenv.py' '/tmp/intellij-shell-env.tmp' 
2019-05-28 16:35:00,778 [  59164]   INFO - .intellij.util.EnvironmentUtil - shell environment loaded (26 vars) 
2019-05-28 16:35:01,033 [  59419]   INFO - .skeletons.PySkeletonGenerator - Skeleton for boost.mpi failed on /root/PycharmProjects/dev/venv/bin/python. stderr: --
Failed to process 'boost.mpi' while nothing yet: No module named 'mpi'
-- 
2019-05-28 16:35:01,034 [  59420]   INFO - .skeletons.PySkeletonRefresher - Skeleton for cairo._cairo 
2019-05-28 16:35:01,034 [  59420]   INFO - .intellij.util.EnvironmentUtil - loading shell env: /bin/bash -c . '/root/PycharmProjects/dev/venv/bin/activate';'/root/.local/share/umake/ide/pycharm/bin/printenv.py' '/tmp/intellij-shell-env.tmp' 
2019-05-28 16:35:01,143 [  59529]   INFO - .intellij.util.EnvironmentUtil - shell environment loaded (26 vars) 
2019-05-28 16:35:01,455 [  59841]   INFO - .skeletons.PySkeletonRefresher - Skeleton for cmath 
2019-05-28 16:35:01,455 [  59841]   INFO - .intellij.util.EnvironmentUtil - loading shell env: /bin/bash -c . '/root/PycharmProjects/dev/venv/bin/activate';'/root/.local/share/umake/ide/pycharm/bin/printenv.py' '/tmp/intellij-shell-env.tmp' 
2019-05-28 16:35:01,561 [  59947]   INFO - .intellij.util.EnvironmentUtil - shell environment loaded (26 vars) 
2019-05-28 16:35:01,849 [  60235]   INFO - .skeletons.PySkeletonRefresher - Skeleton for cv2 
2019-05-28 16:35:01,849 [  60235]   INFO - .intellij.util.EnvironmentUtil - loading shell env: /bin/bash -c . '/root/PycharmProjects/dev/venv/bin/activate';'/root/.local/share/umake/ide/pycharm/bin/printenv.py' '/tmp/intellij-shell-env.tmp' 
2019-05-28 16:35:01,950 [  60336]   INFO - .intellij.util.EnvironmentUtil - shell environment loaded (26 vars) 
2019-05-28 16:35:06,297 [  64683]   INFO - .skeletons.PySkeletonRefresher - Skeleton for cv2.cv2 
2019-05-28 16:35:06,297 [  64683]   INFO - .intellij.util.EnvironmentUtil - loading shell env: /bin/bash -c . '/root/PycharmProjects/dev/venv/bin/activate';'/root/.local/share/umake/ide/pycharm/bin/printenv.py' '/tmp/intellij-shell-env.tmp' 
2019-05-28 16:35:06,399 [  64785]   INFO - .intellij.util.EnvironmentUtil - shell environment loaded (26 vars) 
2019-05-28 16:35:06,915 [  65301]   INFO - .diagnostic.PerformanceWatcher - Unindexed files update took 19869ms; general responsiveness: ok; EDT responsiveness: ok 
2019-05-28 16:35:06,916 [  65302]   INFO - g.FileBasedIndexProjectHandler - Reindexing refreshed files: 0 to update, calculated in 0ms 
2019-05-28 16:35:07,012 [  65398]   INFO - j.ide.ui.OptionsTopHitProvider - 92 ms spent to cache options in project 
2019-05-28 16:35:07,176 [  65562]   INFO - j.ide.ui.OptionsTopHitProvider - 114 ms spent on EDT to cache options in project 
2019-05-28 16:35:07,296 [  65682]   INFO - j.ide.plugins.RepositoryHelper - using cached plugin list (updated at 5/28/19, 4:34 PM) 
2019-05-28 16:35:09,552 [  67938]   INFO - .skeletons.PySkeletonRefresher - Skeleton for cv_bridge.boost.cv_bridge_boost 
2019-05-28 16:35:09,552 [  67938]   INFO - .intellij.util.EnvironmentUtil - loading shell env: /bin/bash -c . '/root/PycharmProjects/dev/venv/bin/activate';'/root/.local/share/umake/ide/pycharm/bin/printenv.py' '/tmp/intellij-shell-env.tmp' 
2019-05-28 16:35:09,653 [  68039]   INFO - .intellij.util.EnvironmentUtil - shell environment loaded (26 vars) 
2019-05-28 16:35:10,040 [  68426]   INFO - .intellij.util.EnvironmentUtil - loading shell env: /bin/bash -c . '/root/PycharmProjects/dev/venv/bin/activate';'/root/.local/share/umake/ide/pycharm/bin/printenv.py' '/tmp/intellij-shell-env.tmp' 
2019-05-28 16:35:10,141 [  68527]   INFO - .intellij.util.EnvironmentUtil - shell environment loaded (26 vars) 
2019-05-28 16:35:10,174 [  68560]   INFO - ns.python.sdk.PythonSdkUpdater - Updating sys.path took 134 ms 
2019-05-28 16:35:10,174 [  68560]   INFO - ns.python.sdk.PythonSdkUpdater - Bogus sys.path entry /usr/lib/python35.zip 
2019-05-28 16:35:10,174 [  68560]   INFO - ns.python.sdk.PythonSdkUpdater - Binary skeletons directory for SDK Python 3.5 (dev) (/root/PycharmProjects/dev/venv/bin/python)): /root/.PyCharmCE2019.1/system/python_stubs/1949293853 
2019-05-28 16:35:10,174 [  68560]   INFO - ns.python.sdk.PythonSdkUpdater - User skeletons directory for SDK Python 3.5 (dev) (/root/PycharmProjects/dev/venv/bin/python)): /root/.local/share/umake/ide/pycharm/helpers/python-skeletons 
2019-05-28 16:35:10,325 [  68711]   INFO - .skeletons.PySkeletonRefresher - Skeleton for fpectl 
2019-05-28 16:35:10,325 [  68711]   INFO - .intellij.util.EnvironmentUtil - loading shell env: /bin/bash -c . '/root/PycharmProjects/dev/venv/bin/activate';'/root/.local/share/umake/ide/pycharm/bin/printenv.py' '/tmp/intellij-shell-env.tmp' 
2019-05-28 16:35:10,426 [  68812]   INFO - .intellij.util.EnvironmentUtil - shell environment loaded (26 vars) 
2019-05-28 16:35:10,573 [  68959]   INFO - .skeletons.PySkeletonRefresher - Skeleton for gi._gi 
2019-05-28 16:35:10,573 [  68959]   INFO - .intellij.util.EnvironmentUtil - loading shell env: /bin/bash -c . '/root/PycharmProjects/dev/venv/bin/activate';'/root/.local/share/umake/ide/pycharm/bin/printenv.py' '/tmp/intellij-shell-env.tmp' 
2019-05-28 16:35:10,674 [  69060]   INFO - .intellij.util.EnvironmentUtil - shell environment loaded (26 vars) 
2019-05-28 16:35:10,820 [  69206]   INFO - .skeletons.PySkeletonRefresher - Skeleton for gi._gi_cairo 
2019-05-28 16:35:10,820 [  69206]   INFO - .intellij.util.EnvironmentUtil - loading shell env: /bin/bash -c . '/root/PycharmProjects/dev/venv/bin/activate';'/root/.local/share/umake/ide/pycharm/bin/printenv.py' '/tmp/intellij-shell-env.tmp' 
2019-05-28 16:35:10,921 [  69307]   INFO - .intellij.util.EnvironmentUtil - shell environment loaded (26 vars) 
2019-05-28 16:35:11,056 [  69442]   INFO - .skeletons.PySkeletonRefresher - Skeleton for kiwisolver 
2019-05-28 16:35:11,057 [  69443]   INFO - .intellij.util.EnvironmentUtil - loading shell env: /bin/bash -c . '/root/PycharmProjects/dev/venv/bin/activate';'/root/.local/share/umake/ide/pycharm/bin/printenv.py' '/tmp/intellij-shell-env.tmp' 
2019-05-28 16:35:11,158 [  69544]   INFO - .intellij.util.EnvironmentUtil - shell environment loaded (26 vars) 
2019-05-28 16:35:11,320 [  69706]   INFO - .skeletons.PySkeletonRefresher - Skeleton for lxml.etree 
2019-05-28 16:35:11,321 [  69707]   INFO - .intellij.util.EnvironmentUtil - loading shell env: /bin/bash -c . '/root/PycharmProjects/dev/venv/bin/activate';'/root/.local/share/umake/ide/pycharm/bin/printenv.py' '/tmp/intellij-shell-env.tmp' 
2019-05-28 16:35:11,422 [  69808]   INFO - .intellij.util.EnvironmentUtil - shell environment loaded (26 vars) 
2019-05-28 16:35:11,980 [  70366]   INFO - .skeletons.PySkeletonRefresher - Skeleton for lxml.objectify 
2019-05-28 16:35:11,980 [  70366]   INFO - .intellij.util.EnvironmentUtil - loading shell env: /bin/bash -c . '/root/PycharmProjects/dev/venv/bin/activate';'/root/.local/share/umake/ide/pycharm/bin/printenv.py' '/tmp/intellij-shell-env.tmp' 
2019-05-28 16:35:12,081 [  70467]   INFO - .intellij.util.EnvironmentUtil - shell environment loaded (26 vars) 
2019-05-28 16:35:12,314 [  70700]   INFO - .skeletons.PySkeletonRefresher - Skeleton for matplotlib._contour 
2019-05-28 16:35:12,315 [  70701]   INFO - .intellij.util.EnvironmentUtil - loading shell env: /bin/bash -c . '/root/PycharmProjects/dev/venv/bin/activate';'/root/.local/share/umake/ide/pycharm/bin/printenv.py' '/tmp/intellij-shell-env.tmp' 
2019-05-28 16:35:12,416 [  70802]   INFO - .intellij.util.EnvironmentUtil - shell environment loaded (26 vars) 
2019-05-28 16:35:12,950 [  71336]   INFO - .skeletons.PySkeletonRefresher - Skeleton for matplotlib._image 
2019-05-28 16:35:12,950 [  71336]   INFO - .intellij.util.EnvironmentUtil - loading shell env: /bin/bash -c . '/root/PycharmProjects/dev/venv/bin/activate';'/root/.local/share/umake/ide/pycharm/bin/printenv.py' '/tmp/intellij-shell-env.tmp' 
2019-05-28 16:35:13,052 [  71438]   INFO - .intellij.util.EnvironmentUtil - shell environment loaded (26 vars) 
2019-05-28 16:35:13,607 [  71993]   INFO - .skeletons.PySkeletonRefresher - Skeleton for matplotlib._path 
2019-05-28 16:35:13,607 [  71993]   INFO - .intellij.util.EnvironmentUtil - loading shell env: /bin/bash -c . '/root/PycharmProjects/dev/venv/bin/activate';'/root/.local/share/umake/ide/pycharm/bin/printenv.py' '/tmp/intellij-shell-env.tmp' 
2019-05-28 16:35:13,709 [  72095]   INFO - .intellij.util.EnvironmentUtil - shell environment loaded (26 vars) 
2019-05-28 16:35:14,255 [  72641]   INFO - .skeletons.PySkeletonRefresher - Skeleton for matplotlib._png 
2019-05-28 16:35:14,255 [  72641]   INFO - .intellij.util.EnvironmentUtil - loading shell env: /bin/bash -c . '/root/PycharmProjects/dev/venv/bin/activate';'/root/.local/share/umake/ide/pycharm/bin/printenv.py' '/tmp/intellij-shell-env.tmp' 
2019-05-28 16:35:14,356 [  72742]   INFO - .intellij.util.EnvironmentUtil - shell environment loaded (26 vars) 
2019-05-28 16:35:15,006 [  73392]   INFO - ns.python.sdk.PythonSdkUpdater - Performing background update of skeletons for SDK Python 3.5 (dev) (/root/PycharmProjects/dev/venv/bin/python) 
2019-05-28 16:35:15,006 [  73392]   INFO - .skeletons.PySkeletonRefresher - Refreshing skeletons for /root/PycharmProjects/dev/venv/bin/python 
2019-05-28 16:35:15,020 [  73406]   INFO - stubs.SerializationManagerImpl - START StubSerializationManager SHUTDOWN 
2019-05-28 16:35:15,021 [  73407]   INFO - stubs.SerializationManagerImpl - END StubSerializationManager SHUTDOWN 
2019-05-28 16:35:15,023 [  73409]   INFO - stubs.SerializationManagerImpl - START StubSerializationManager SHUTDOWN 
2019-05-28 16:35:15,023 [  73409]   INFO - stubs.SerializationManagerImpl - END StubSerializationManager SHUTDOWN 
2019-05-28 16:35:15,023 [  73409]   INFO - il.indexing.FileBasedIndexImpl - START INDEX SHUTDOWN 
2019-05-28 16:35:15,416 [  73802]   INFO - il.indexing.FileBasedIndexImpl - END INDEX SHUTDOWN 
2019-05-28 16:35:15,422 [  73808]   INFO - org.jetbrains.io.BuiltInServer - web server stopped 
2019-05-28 16:35:15,424 [  73810]   INFO - Types.impl.FileTypeManagerImpl - FileTypeManager: 446 auto-detected files
Elapsed time on auto-detect: 834 ms 
2019-05-28 16:35:15,444 [  73830]   INFO - pl.local.NativeFileWatcherImpl - Watcher terminated with exit code 0 
2019-05-28 16:35:15,445 [  73831]   INFO - newvfs.persistent.PersistentFS - VFS dispose started 
2019-05-28 16:35:15,447 [  73833]   INFO - newvfs.persistent.PersistentFS - VFS dispose completed 
2019-05-28 16:35:15,455 [  73841]   INFO -        #com.intellij.idea.Main - ------------------------------------------------------ IDE SHUTDOWN ------------------------------------------------------ 
2019-05-28 16:35:15,458 [  73844]   INFO - org.jetbrains.io.BuiltInServer - web server stopped 
